<?xml version="1.0" encoding="UTF-8"?>
<robot generator="Robot 6.0.2 (Python 3.9.13 on win32)" generated="20230119 15:08:32.898" rpa="false" schemaversion="3">
<suite id="s1" name="Demo4" source="C:\robot_project\robot_suite\demo4.robot">
<test id="s1-t1" name="TC4" line="24">
<kw name="Set Variable" library="BuiltIn">
<var>${num1}</var>
<arg>$200,100</arg>
<doc>Returns the given values which can then be assigned to a variables.</doc>
<msg timestamp="20230119 15:08:32.980" level="INFO">${num1} = $200,100</msg>
<status status="PASS" starttime="20230119 15:08:32.979" endtime="20230119 15:08:32.984"/>
</kw>
<kw name="Set Variable" library="BuiltIn">
<var>${num2}</var>
<arg>$200</arg>
<doc>Returns the given values which can then be assigned to a variables.</doc>
<msg timestamp="20230119 15:08:32.986" level="INFO">${num2} = $200</msg>
<status status="PASS" starttime="20230119 15:08:32.985" endtime="20230119 15:08:32.986"/>
</kw>
<kw name="Remove String" library="String">
<var>${N1}</var>
<arg>${num1}</arg>
<arg>$</arg>
<doc>Removes all ``removables`` from the given ``string``.</doc>
<msg timestamp="20230119 15:08:32.987" level="INFO">${N1} = 200,100</msg>
<status status="PASS" starttime="20230119 15:08:32.986" endtime="20230119 15:08:32.988"/>
</kw>
<kw name="Remove String" library="String">
<var>${N2}</var>
<arg>${num2}</arg>
<arg>$</arg>
<doc>Removes all ``removables`` from the given ``string``.</doc>
<msg timestamp="20230119 15:08:32.990" level="INFO">${N2} = 200</msg>
<status status="PASS" starttime="20230119 15:08:32.989" endtime="20230119 15:08:32.990"/>
</kw>
<kw name="Evaluate" library="BuiltIn">
<var>${num3}</var>
<arg>${N1}+${N2}</arg>
<doc>Evaluates the given expression in Python and returns the result.</doc>
<msg timestamp="20230119 15:08:32.990" level="INFO">${num3} = (200, 300)</msg>
<status status="PASS" starttime="20230119 15:08:32.990" endtime="20230119 15:08:32.990"/>
</kw>
<status status="PASS" starttime="20230119 15:08:32.977" endtime="20230119 15:08:32.990"/>
</test>
<status status="PASS" starttime="20230119 15:08:32.898" endtime="20230119 15:08:32.996"/>
</suite>
<statistics>
<total>
<stat pass="1" fail="0" skip="0">All Tests</stat>
</total>
<tag>
</tag>
<suite>
<stat pass="1" fail="0" skip="0" id="s1" name="Demo4">Demo4</stat>
</suite>
</statistics>
<errors>
</errors>
</robot>
