<?xml version="1.0" encoding="UTF-8"?>
<robot generator="Robot 6.0.2 (Python 3.9.13 on win32)" generated="20230119 11:13:50.276" rpa="false" schemaversion="3">
<suite id="s1" name="Demo11 Advance" source="C:\robot_project\selenium_suite\demo11_advance.robot">
<test id="s1-t1" name="TC4" line="30">
<kw name="Open Browser" library="SeleniumLibrary">
<arg>browser=edge</arg>
<doc>Opens a new browser instance to the optional ``url``.</doc>
<msg timestamp="20230119 11:13:50.718" level="INFO">Opening browser 'edge' to base url 'None'.</msg>
<status status="PASS" starttime="20230119 11:13:50.718" endtime="20230119 11:13:52.686"/>
</kw>
<kw name="Maximize Browser Window" library="SeleniumLibrary">
<doc>Maximizes current browser window.</doc>
<status status="PASS" starttime="20230119 11:13:52.687" endtime="20230119 11:13:52.871"/>
</kw>
<kw name="Set Selenium Implicit Wait" library="SeleniumLibrary">
<arg>30s</arg>
<doc>Sets the implicit wait value used by Selenium.</doc>
<status status="PASS" starttime="20230119 11:13:52.872" endtime="20230119 11:13:52.879"/>
</kw>
<kw name="Go To" library="SeleniumLibrary">
<arg>url=https://nasscom.in/</arg>
<doc>Navigates the current browser window to the provided ``url``.</doc>
<msg timestamp="20230119 11:13:52.879" level="INFO">Opening url 'https://nasscom.in/'</msg>
<status status="PASS" starttime="20230119 11:13:52.879" endtime="20230119 11:14:15.254"/>
</kw>
<kw name="Get WebElement" library="SeleniumLibrary">
<var>${ele}</var>
<arg>xpath=//a[text()='Members Listing']</arg>
<doc>Returns the first WebElement matching the given ``locator``.</doc>
<msg timestamp="20230119 11:14:15.275" level="INFO">${ele} = &lt;selenium.webdriver.remote.webelement.WebElement (session="0e4c9fa0f997a68e189659c5609da1ff", element="9c8d190a-ebd6-4a4f-9831-89eabedc9ac5")&gt;</msg>
<status status="PASS" starttime="20230119 11:14:15.254" endtime="20230119 11:14:15.275"/>
</kw>
<kw name="Execute Javascript" library="SeleniumLibrary">
<arg>arguments[0].click()</arg>
<arg>ARGUMENTS</arg>
<arg>${ele}</arg>
<doc>Executes the given JavaScript code with possible arguments.</doc>
<msg timestamp="20230119 11:14:15.275" level="INFO">Executing JavaScript:
arguments[0].click()
By using argument:
'&lt;selenium.webdriver.remote.webelement.WebElement (session="0e4c9fa0f997a68e189659c5609da1ff", element="9c8d190a-ebd6-4a4f-9831-89eabedc9ac5")&gt;'</msg>
<status status="PASS" starttime="20230119 11:14:15.275" endtime="20230119 11:14:19.671"/>
</kw>
<status status="PASS" starttime="20230119 11:13:50.718" endtime="20230119 11:14:19.671"/>
</test>
<status status="PASS" starttime="20230119 11:13:50.291" endtime="20230119 11:14:19.671"/>
</suite>
<statistics>
<total>
<stat pass="1" fail="0" skip="0">All Tests</stat>
</total>
<tag>
</tag>
<suite>
<stat pass="1" fail="0" skip="0" id="s1" name="Demo11 Advance">Demo11 Advance</stat>
</suite>
</statistics>
<errors>
</errors>
</robot>
